0 info it worked if it ends with ok
1 verbose cli [ 'C:\\Program Files (x86)\\nodejs\\node.exe',
1 verbose cli   'C:\\Program Files (x86)\\nodejs\\node_modules\\npm\\bin\\npm-cli.js',
1 verbose cli   'install',
1 verbose cli   'bcrypt' ]
2 info using npm@3.9.3
3 info using node@v6.2.1
4 silly loadCurrentTree Starting
5 silly install loadCurrentTree
6 silly install readLocalPackageData
7 silly fetchPackageMetaData bcrypt
8 silly fetchNamedPackageData bcrypt
9 silly mapToRegistry name bcrypt
10 silly mapToRegistry using default registry
11 silly mapToRegistry registry https://registry.npmjs.org/
12 silly mapToRegistry data Result {
12 silly mapToRegistry   raw: 'bcrypt',
12 silly mapToRegistry   scope: null,
12 silly mapToRegistry   name: 'bcrypt',
12 silly mapToRegistry   rawSpec: '',
12 silly mapToRegistry   spec: 'latest',
12 silly mapToRegistry   type: 'tag' }
13 silly mapToRegistry uri https://registry.npmjs.org/bcrypt
14 verbose request uri https://registry.npmjs.org/bcrypt
15 verbose request no auth needed
16 info attempt registry request try #1 at 10:57:20
17 verbose request id d24c87ddb20cccad
18 verbose etag W/"582c1d83-14223"
19 verbose lastModified Wed, 16 Nov 2016 08:49:07 GMT
20 http request GET https://registry.npmjs.org/bcrypt
21 http 304 https://registry.npmjs.org/bcrypt
22 verbose headers { date: 'Wed, 16 Nov 2016 09:57:22 GMT',
22 verbose headers   via: '1.1 varnish',
22 verbose headers   'cache-control': 'max-age=300',
22 verbose headers   etag: 'W/"582c1d83-14223"',
22 verbose headers   age: '0',
22 verbose headers   connection: 'keep-alive',
22 verbose headers   'x-served-by': 'cache-cdg8721-CDG',
22 verbose headers   'x-cache': 'HIT',
22 verbose headers   'x-cache-hits': '1',
22 verbose headers   'x-timer': 'S1479290242.141620,VS0,VE81',
22 verbose headers   vary: 'Accept-Encoding' }
23 silly get cb [ 304,
23 silly get   { date: 'Wed, 16 Nov 2016 09:57:22 GMT',
23 silly get     via: '1.1 varnish',
23 silly get     'cache-control': 'max-age=300',
23 silly get     etag: 'W/"582c1d83-14223"',
23 silly get     age: '0',
23 silly get     connection: 'keep-alive',
23 silly get     'x-served-by': 'cache-cdg8721-CDG',
23 silly get     'x-cache': 'HIT',
23 silly get     'x-cache-hits': '1',
23 silly get     'x-timer': 'S1479290242.141620,VS0,VE81',
23 silly get     vary: 'Accept-Encoding' } ]
24 verbose etag https://registry.npmjs.org/bcrypt from cache
25 verbose get saving bcrypt to C:\Users\foretf\AppData\Roaming\npm-cache\registry.npmjs.org\bcrypt\.cache.json
26 verbose correctMkdir C:\Users\foretf\AppData\Roaming\npm-cache correctMkdir not in flight; initializing
27 silly install normalizeTree
28 silly loadCurrentTree Finishing
29 silly loadIdealTree Starting
30 silly install loadIdealTree
31 silly cloneCurrentTree Starting
32 silly install cloneCurrentTreeToIdealTree
33 silly cloneCurrentTree Finishing
34 silly loadShrinkwrap Starting
35 silly install loadShrinkwrap
36 silly loadShrinkwrap Finishing
37 silly loadAllDepsIntoIdealTree Starting
38 silly install loadAllDepsIntoIdealTree
39 silly resolveWithNewModule bcrypt@0.8.7 checking installable status
40 silly cache add args [ 'bcrypt', null ]
41 verbose cache add spec bcrypt
42 silly cache add parsed spec Result {
42 silly cache add   raw: 'bcrypt',
42 silly cache add   scope: null,
42 silly cache add   name: 'bcrypt',
42 silly cache add   rawSpec: '',
42 silly cache add   spec: 'latest',
42 silly cache add   type: 'tag' }
43 silly addNamed bcrypt@latest
44 verbose addNamed "latest" is being treated as a dist-tag for bcrypt
45 info addNameTag [ 'bcrypt', 'latest' ]
46 silly mapToRegistry name bcrypt
47 silly mapToRegistry using default registry
48 silly mapToRegistry registry https://registry.npmjs.org/
49 silly mapToRegistry data Result {
49 silly mapToRegistry   raw: 'bcrypt',
49 silly mapToRegistry   scope: null,
49 silly mapToRegistry   name: 'bcrypt',
49 silly mapToRegistry   rawSpec: '',
49 silly mapToRegistry   spec: 'latest',
49 silly mapToRegistry   type: 'tag' }
50 silly mapToRegistry uri https://registry.npmjs.org/bcrypt
51 verbose addNameTag registry:https://registry.npmjs.org/bcrypt not in flight; fetching
52 verbose get https://registry.npmjs.org/bcrypt not expired, no request
53 silly addNameTag next cb for bcrypt with tag latest
54 silly addNamed bcrypt@0.8.7
55 verbose addNamed "0.8.7" is a plain semver version for bcrypt
56 silly cache afterAdd bcrypt@0.8.7
57 verbose afterAdd C:\Users\foretf\AppData\Roaming\npm-cache\bcrypt\0.8.7\package\package.json not in flight; writing
58 verbose correctMkdir C:\Users\foretf\AppData\Roaming\npm-cache correctMkdir not in flight; initializing
59 verbose afterAdd C:\Users\foretf\AppData\Roaming\npm-cache\bcrypt\0.8.7\package\package.json written
60 silly fetchNamedPackageData bindings
61 silly mapToRegistry name bindings
62 silly mapToRegistry using default registry
63 silly mapToRegistry registry https://registry.npmjs.org/
64 silly mapToRegistry data Result {
64 silly mapToRegistry   raw: 'bindings',
64 silly mapToRegistry   scope: null,
64 silly mapToRegistry   name: 'bindings',
64 silly mapToRegistry   rawSpec: '',
64 silly mapToRegistry   spec: 'latest',
64 silly mapToRegistry   type: 'tag' }
65 silly mapToRegistry uri https://registry.npmjs.org/bindings
66 silly fetchNamedPackageData nan
67 silly mapToRegistry name nan
68 silly mapToRegistry using default registry
69 silly mapToRegistry registry https://registry.npmjs.org/
70 silly mapToRegistry data Result {
70 silly mapToRegistry   raw: 'nan',
70 silly mapToRegistry   scope: null,
70 silly mapToRegistry   name: 'nan',
70 silly mapToRegistry   rawSpec: '',
70 silly mapToRegistry   spec: 'latest',
70 silly mapToRegistry   type: 'tag' }
71 silly mapToRegistry uri https://registry.npmjs.org/nan
72 verbose request uri https://registry.npmjs.org/bindings
73 verbose request no auth needed
74 info attempt registry request try #1 at 10:57:21
75 verbose etag W/"580645d3-46f7"
76 verbose lastModified Tue, 18 Oct 2016 15:54:59 GMT
77 http request GET https://registry.npmjs.org/bindings
78 verbose request uri https://registry.npmjs.org/nan
79 verbose request no auth needed
80 info attempt registry request try #1 at 10:57:21
81 verbose etag W/"5818d749-1ce1e"
82 verbose lastModified Tue, 01 Nov 2016 17:56:25 GMT
83 http request GET https://registry.npmjs.org/nan
84 http 304 https://registry.npmjs.org/bindings
85 verbose headers { date: 'Wed, 16 Nov 2016 09:57:22 GMT',
85 verbose headers   via: '1.1 varnish',
85 verbose headers   'cache-control': 'max-age=300',
85 verbose headers   etag: 'W/"580645d3-46f7"',
85 verbose headers   age: '214',
85 verbose headers   connection: 'keep-alive',
85 verbose headers   'x-served-by': 'cache-cdg8721-CDG',
85 verbose headers   'x-cache': 'HIT',
85 verbose headers   'x-cache-hits': '115',
85 verbose headers   'x-timer': 'S1479290242.608765,VS0,VE0',
85 verbose headers   vary: 'Accept-Encoding' }
86 silly get cb [ 304,
86 silly get   { date: 'Wed, 16 Nov 2016 09:57:22 GMT',
86 silly get     via: '1.1 varnish',
86 silly get     'cache-control': 'max-age=300',
86 silly get     etag: 'W/"580645d3-46f7"',
86 silly get     age: '214',
86 silly get     connection: 'keep-alive',
86 silly get     'x-served-by': 'cache-cdg8721-CDG',
86 silly get     'x-cache': 'HIT',
86 silly get     'x-cache-hits': '115',
86 silly get     'x-timer': 'S1479290242.608765,VS0,VE0',
86 silly get     vary: 'Accept-Encoding' } ]
87 verbose etag https://registry.npmjs.org/bindings from cache
88 verbose get saving bindings to C:\Users\foretf\AppData\Roaming\npm-cache\registry.npmjs.org\bindings\.cache.json
89 verbose correctMkdir C:\Users\foretf\AppData\Roaming\npm-cache correctMkdir not in flight; initializing
90 silly resolveWithNewModule bindings@1.2.1 checking installable status
91 silly cache add args [ 'bindings@1.2.1', null ]
92 verbose cache add spec bindings@1.2.1
93 silly cache add parsed spec Result {
93 silly cache add   raw: 'bindings@1.2.1',
93 silly cache add   scope: null,
93 silly cache add   name: 'bindings',
93 silly cache add   rawSpec: '1.2.1',
93 silly cache add   spec: '1.2.1',
93 silly cache add   type: 'version' }
94 silly addNamed bindings@1.2.1
95 verbose addNamed "1.2.1" is a plain semver version for bindings
96 silly mapToRegistry name bindings
97 silly mapToRegistry using default registry
98 silly mapToRegistry registry https://registry.npmjs.org/
99 silly mapToRegistry data Result {
99 silly mapToRegistry   raw: 'bindings',
99 silly mapToRegistry   scope: null,
99 silly mapToRegistry   name: 'bindings',
99 silly mapToRegistry   rawSpec: '',
99 silly mapToRegistry   spec: 'latest',
99 silly mapToRegistry   type: 'tag' }
100 silly mapToRegistry uri https://registry.npmjs.org/bindings
101 verbose addNameVersion registry:https://registry.npmjs.org/bindings not in flight; fetching
102 http 304 https://registry.npmjs.org/nan
103 verbose headers { date: 'Wed, 16 Nov 2016 09:57:22 GMT',
103 verbose headers   via: '1.1 varnish',
103 verbose headers   'cache-control': 'max-age=300',
103 verbose headers   etag: 'W/"5818d749-1ce1e"',
103 verbose headers   age: '51',
103 verbose headers   connection: 'keep-alive',
103 verbose headers   'x-served-by': 'cache-cdg8722-CDG',
103 verbose headers   'x-cache': 'HIT',
103 verbose headers   'x-cache-hits': '2',
103 verbose headers   'x-timer': 'S1479290242.632476,VS0,VE0',
103 verbose headers   vary: 'Accept-Encoding' }
104 silly get cb [ 304,
104 silly get   { date: 'Wed, 16 Nov 2016 09:57:22 GMT',
104 silly get     via: '1.1 varnish',
104 silly get     'cache-control': 'max-age=300',
104 silly get     etag: 'W/"5818d749-1ce1e"',
104 silly get     age: '51',
104 silly get     connection: 'keep-alive',
104 silly get     'x-served-by': 'cache-cdg8722-CDG',
104 silly get     'x-cache': 'HIT',
104 silly get     'x-cache-hits': '2',
104 silly get     'x-timer': 'S1479290242.632476,VS0,VE0',
104 silly get     vary: 'Accept-Encoding' } ]
105 verbose etag https://registry.npmjs.org/nan from cache
106 verbose get saving nan to C:\Users\foretf\AppData\Roaming\npm-cache\registry.npmjs.org\nan\.cache.json
107 verbose correctMkdir C:\Users\foretf\AppData\Roaming\npm-cache correctMkdir not in flight; initializing
108 verbose get https://registry.npmjs.org/bindings not expired, no request
109 silly cache afterAdd bindings@1.2.1
110 verbose afterAdd C:\Users\foretf\AppData\Roaming\npm-cache\bindings\1.2.1\package\package.json not in flight; writing
111 verbose correctMkdir C:\Users\foretf\AppData\Roaming\npm-cache correctMkdir not in flight; initializing
112 verbose afterAdd C:\Users\foretf\AppData\Roaming\npm-cache\bindings\1.2.1\package\package.json written
113 silly resolveWithNewModule nan@2.3.5 checking installable status
114 silly cache add args [ 'nan@2.3.5', null ]
115 verbose cache add spec nan@2.3.5
116 silly cache add parsed spec Result {
116 silly cache add   raw: 'nan@2.3.5',
116 silly cache add   scope: null,
116 silly cache add   name: 'nan',
116 silly cache add   rawSpec: '2.3.5',
116 silly cache add   spec: '2.3.5',
116 silly cache add   type: 'version' }
117 silly addNamed nan@2.3.5
118 verbose addNamed "2.3.5" is a plain semver version for nan
119 silly mapToRegistry name nan
120 silly mapToRegistry using default registry
121 silly mapToRegistry registry https://registry.npmjs.org/
122 silly mapToRegistry data Result {
122 silly mapToRegistry   raw: 'nan',
122 silly mapToRegistry   scope: null,
122 silly mapToRegistry   name: 'nan',
122 silly mapToRegistry   rawSpec: '',
122 silly mapToRegistry   spec: 'latest',
122 silly mapToRegistry   type: 'tag' }
123 silly mapToRegistry uri https://registry.npmjs.org/nan
124 verbose addNameVersion registry:https://registry.npmjs.org/nan not in flight; fetching
125 verbose get https://registry.npmjs.org/nan not expired, no request
126 silly cache afterAdd nan@2.3.5
127 verbose afterAdd C:\Users\foretf\AppData\Roaming\npm-cache\nan\2.3.5\package\package.json not in flight; writing
128 verbose correctMkdir C:\Users\foretf\AppData\Roaming\npm-cache correctMkdir not in flight; initializing
129 verbose afterAdd C:\Users\foretf\AppData\Roaming\npm-cache\nan\2.3.5\package\package.json written
130 silly loadAllDepsIntoIdealTree Finishing
131 silly idealTree:prePrune microscope@
131 silly idealTree:prePrune +-- babel-runtime@6.18.0
131 silly idealTree:prePrune +-- bcrypt@0.8.7
131 silly idealTree:prePrune +-- bindings@1.2.1
131 silly idealTree:prePrune +-- core-js@2.4.1
131 silly idealTree:prePrune +-- meteor-node-stubs@0.2.3
131 silly idealTree:prePrune | +-- assert@1.3.0
131 silly idealTree:prePrune | +-- browserify-zlib@0.1.4
131 silly idealTree:prePrune | | `-- pako@0.2.8
131 silly idealTree:prePrune | +-- buffer@4.5.1
131 silly idealTree:prePrune | | +-- base64-js@1.1.2
131 silly idealTree:prePrune | | +-- ieee754@1.1.6
131 silly idealTree:prePrune | | `-- isarray@1.0.0
131 silly idealTree:prePrune | +-- console-browserify@1.1.0
131 silly idealTree:prePrune | | `-- date-now@0.1.4
131 silly idealTree:prePrune | +-- constants-browserify@1.0.0
131 silly idealTree:prePrune | +-- crypto-browserify@3.11.0
131 silly idealTree:prePrune | | +-- browserify-cipher@1.0.0
131 silly idealTree:prePrune | | | +-- browserify-aes@1.0.6
131 silly idealTree:prePrune | | | | +-- buffer-xor@1.0.3
131 silly idealTree:prePrune | | | | `-- cipher-base@1.0.2
131 silly idealTree:prePrune | | | +-- browserify-des@1.0.0
131 silly idealTree:prePrune | | | | +-- cipher-base@1.0.2
131 silly idealTree:prePrune | | | | `-- des.js@1.0.0
131 silly idealTree:prePrune | | | |   `-- minimalistic-assert@1.0.0
131 silly idealTree:prePrune | | | `-- evp_bytestokey@1.0.0
131 silly idealTree:prePrune | | +-- browserify-sign@4.0.0
131 silly idealTree:prePrune | | | +-- bn.js@4.11.1
131 silly idealTree:prePrune | | | +-- browserify-rsa@4.0.1
131 silly idealTree:prePrune | | | +-- elliptic@6.2.3
131 silly idealTree:prePrune | | | | +-- brorand@1.0.5
131 silly idealTree:prePrune | | | | `-- hash.js@1.0.3
131 silly idealTree:prePrune | | | `-- parse-asn1@5.0.0
131 silly idealTree:prePrune | | |   +-- asn1.js@4.5.2
131 silly idealTree:prePrune | | |   | `-- minimalistic-assert@1.0.0
131 silly idealTree:prePrune | | |   +-- browserify-aes@1.0.6
131 silly idealTree:prePrune | | |   | +-- buffer-xor@1.0.3
131 silly idealTree:prePrune | | |   | `-- cipher-base@1.0.2
131 silly idealTree:prePrune | | |   `-- evp_bytestokey@1.0.0
131 silly idealTree:prePrune | | +-- create-ecdh@4.0.0
131 silly idealTree:prePrune | | | +-- bn.js@4.11.1
131 silly idealTree:prePrune | | | `-- elliptic@6.2.3
131 silly idealTree:prePrune | | |   +-- brorand@1.0.5
131 silly idealTree:prePrune | | |   `-- hash.js@1.0.3
131 silly idealTree:prePrune | | +-- create-hash@1.1.2
131 silly idealTree:prePrune | | | +-- cipher-base@1.0.2
131 silly idealTree:prePrune | | | +-- ripemd160@1.0.1
131 silly idealTree:prePrune | | | `-- sha.js@2.4.5
131 silly idealTree:prePrune | | +-- create-hmac@1.1.4
131 silly idealTree:prePrune | | +-- diffie-hellman@5.0.2
131 silly idealTree:prePrune | | | +-- bn.js@4.11.1
131 silly idealTree:prePrune | | | `-- miller-rabin@4.0.0
131 silly idealTree:prePrune | | |   `-- brorand@1.0.5
131 silly idealTree:prePrune | | +-- inherits@2.0.1
131 silly idealTree:prePrune | | +-- pbkdf2@3.0.4
131 silly idealTree:prePrune | | +-- public-encrypt@4.0.0
131 silly idealTree:prePrune | | | +-- bn.js@4.11.1
131 silly idealTree:prePrune | | | +-- browserify-rsa@4.0.1
131 silly idealTree:prePrune | | | `-- parse-asn1@5.0.0
131 silly idealTree:prePrune | | |   +-- asn1.js@4.5.2
131 silly idealTree:prePrune | | |   | `-- minimalistic-assert@1.0.0
131 silly idealTree:prePrune | | |   +-- browserify-aes@1.0.6
131 silly idealTree:prePrune | | |   | +-- buffer-xor@1.0.3
131 silly idealTree:prePrune | | |   | `-- cipher-base@1.0.2
131 silly idealTree:prePrune | | |   `-- evp_bytestokey@1.0.0
131 silly idealTree:prePrune | | `-- randombytes@2.0.3
131 silly idealTree:prePrune | +-- domain-browser@1.1.7
131 silly idealTree:prePrune | +-- events@1.1.0
131 silly idealTree:prePrune | +-- http-browserify@1.7.0
131 silly idealTree:prePrune | | +-- Base64@0.2.1
131 silly idealTree:prePrune | | `-- inherits@2.0.1
131 silly idealTree:prePrune | +-- https-browserify@0.0.1
131 silly idealTree:prePrune | +-- os-browserify@0.2.1
131 silly idealTree:prePrune | +-- path-browserify@0.0.0
131 silly idealTree:prePrune | +-- process@0.11.2
131 silly idealTree:prePrune | +-- punycode@1.4.1
131 silly idealTree:prePrune | +-- querystring-es3@0.2.1
131 silly idealTree:prePrune | +-- readable-stream@2.0.6
131 silly idealTree:prePrune | | +-- core-util-is@1.0.2
131 silly idealTree:prePrune | | +-- inherits@2.0.1
131 silly idealTree:prePrune | | +-- isarray@1.0.0
131 silly idealTree:prePrune | | +-- process-nextick-args@1.0.6
131 silly idealTree:prePrune | | `-- util-deprecate@1.0.2
131 silly idealTree:prePrune | +-- stream-browserify@2.0.1
131 silly idealTree:prePrune | | `-- inherits@2.0.1
131 silly idealTree:prePrune | +-- string_decoder@0.10.31
131 silly idealTree:prePrune | +-- timers-browserify@1.4.2
131 silly idealTree:prePrune | +-- tty-browserify@0.0.0
131 silly idealTree:prePrune | +-- url@0.11.0
131 silly idealTree:prePrune | | +-- punycode@1.3.2
131 silly idealTree:prePrune | | `-- querystring@0.2.0
131 silly idealTree:prePrune | +-- util@0.10.3
131 silly idealTree:prePrune | | `-- inherits@2.0.1
131 silly idealTree:prePrune | `-- vm-browserify@0.0.4
131 silly idealTree:prePrune |   `-- indexof@0.0.1
131 silly idealTree:prePrune +-- nan@2.3.5
131 silly idealTree:prePrune `-- regenerator-runtime@0.9.6
132 silly loadIdealTree Finishing
133 silly currentTree microscope@
133 silly currentTree +-- babel-runtime@6.18.0
133 silly currentTree +-- core-js@2.4.1
133 silly currentTree +-- meteor-node-stubs@0.2.3
133 silly currentTree | +-- assert@1.3.0
133 silly currentTree | +-- browserify-zlib@0.1.4
133 silly currentTree | | `-- pako@0.2.8
133 silly currentTree | +-- buffer@4.5.1
133 silly currentTree | | +-- base64-js@1.1.2
133 silly currentTree | | +-- ieee754@1.1.6
133 silly currentTree | | `-- isarray@1.0.0
133 silly currentTree | +-- console-browserify@1.1.0
133 silly currentTree | | `-- date-now@0.1.4
133 silly currentTree | +-- constants-browserify@1.0.0
133 silly currentTree | +-- crypto-browserify@3.11.0
133 silly currentTree | | +-- browserify-cipher@1.0.0
133 silly currentTree | | | +-- browserify-aes@1.0.6
133 silly currentTree | | | | +-- buffer-xor@1.0.3
133 silly currentTree | | | | `-- cipher-base@1.0.2
133 silly currentTree | | | +-- browserify-des@1.0.0
133 silly currentTree | | | | +-- cipher-base@1.0.2
133 silly currentTree | | | | `-- des.js@1.0.0
133 silly currentTree | | | |   `-- minimalistic-assert@1.0.0
133 silly currentTree | | | `-- evp_bytestokey@1.0.0
133 silly currentTree | | +-- browserify-sign@4.0.0
133 silly currentTree | | | +-- bn.js@4.11.1
133 silly currentTree | | | +-- browserify-rsa@4.0.1
133 silly currentTree | | | +-- elliptic@6.2.3
133 silly currentTree | | | | +-- brorand@1.0.5
133 silly currentTree | | | | `-- hash.js@1.0.3
133 silly currentTree | | | `-- parse-asn1@5.0.0
133 silly currentTree | | |   +-- asn1.js@4.5.2
133 silly currentTree | | |   | `-- minimalistic-assert@1.0.0
133 silly currentTree | | |   +-- browserify-aes@1.0.6
133 silly currentTree | | |   | +-- buffer-xor@1.0.3
133 silly currentTree | | |   | `-- cipher-base@1.0.2
133 silly currentTree | | |   `-- evp_bytestokey@1.0.0
133 silly currentTree | | +-- create-ecdh@4.0.0
133 silly currentTree | | | +-- bn.js@4.11.1
133 silly currentTree | | | `-- elliptic@6.2.3
133 silly currentTree | | |   +-- brorand@1.0.5
133 silly currentTree | | |   `-- hash.js@1.0.3
133 silly currentTree | | +-- create-hash@1.1.2
133 silly currentTree | | | +-- cipher-base@1.0.2
133 silly currentTree | | | +-- ripemd160@1.0.1
133 silly currentTree | | | `-- sha.js@2.4.5
133 silly currentTree | | +-- create-hmac@1.1.4
133 silly currentTree | | +-- diffie-hellman@5.0.2
133 silly currentTree | | | +-- bn.js@4.11.1
133 silly currentTree | | | `-- miller-rabin@4.0.0
133 silly currentTree | | |   `-- brorand@1.0.5
133 silly currentTree | | +-- inherits@2.0.1
133 silly currentTree | | +-- pbkdf2@3.0.4
133 silly currentTree | | +-- public-encrypt@4.0.0
133 silly currentTree | | | +-- bn.js@4.11.1
133 silly currentTree | | | +-- browserify-rsa@4.0.1
133 silly currentTree | | | `-- parse-asn1@5.0.0
133 silly currentTree | | |   +-- asn1.js@4.5.2
133 silly currentTree | | |   | `-- minimalistic-assert@1.0.0
133 silly currentTree | | |   +-- browserify-aes@1.0.6
133 silly currentTree | | |   | +-- buffer-xor@1.0.3
133 silly currentTree | | |   | `-- cipher-base@1.0.2
133 silly currentTree | | |   `-- evp_bytestokey@1.0.0
133 silly currentTree | | `-- randombytes@2.0.3
133 silly currentTree | +-- domain-browser@1.1.7
133 silly currentTree | +-- events@1.1.0
133 silly currentTree | +-- http-browserify@1.7.0
133 silly currentTree | | +-- Base64@0.2.1
133 silly currentTree | | `-- inherits@2.0.1
133 silly currentTree | +-- https-browserify@0.0.1
133 silly currentTree | +-- os-browserify@0.2.1
133 silly currentTree | +-- path-browserify@0.0.0
133 silly currentTree | +-- process@0.11.2
133 silly currentTree | +-- punycode@1.4.1
133 silly currentTree | +-- querystring-es3@0.2.1
133 silly currentTree | +-- readable-stream@2.0.6
133 silly currentTree | | +-- core-util-is@1.0.2
133 silly currentTree | | +-- inherits@2.0.1
133 silly currentTree | | +-- isarray@1.0.0
133 silly currentTree | | +-- process-nextick-args@1.0.6
133 silly currentTree | | `-- util-deprecate@1.0.2
133 silly currentTree | +-- stream-browserify@2.0.1
133 silly currentTree | | `-- inherits@2.0.1
133 silly currentTree | +-- string_decoder@0.10.31
133 silly currentTree | +-- timers-browserify@1.4.2
133 silly currentTree | +-- tty-browserify@0.0.0
133 silly currentTree | +-- url@0.11.0
133 silly currentTree | | +-- punycode@1.3.2
133 silly currentTree | | `-- querystring@0.2.0
133 silly currentTree | +-- util@0.10.3
133 silly currentTree | | `-- inherits@2.0.1
133 silly currentTree | `-- vm-browserify@0.0.4
133 silly currentTree |   `-- indexof@0.0.1
133 silly currentTree `-- regenerator-runtime@0.9.6
134 silly idealTree microscope@
134 silly idealTree +-- babel-runtime@6.18.0
134 silly idealTree +-- bcrypt@0.8.7
134 silly idealTree +-- bindings@1.2.1
134 silly idealTree +-- core-js@2.4.1
134 silly idealTree +-- meteor-node-stubs@0.2.3
134 silly idealTree | +-- assert@1.3.0
134 silly idealTree | +-- browserify-zlib@0.1.4
134 silly idealTree | | `-- pako@0.2.8
134 silly idealTree | +-- buffer@4.5.1
134 silly idealTree | | +-- base64-js@1.1.2
134 silly idealTree | | +-- ieee754@1.1.6
134 silly idealTree | | `-- isarray@1.0.0
134 silly idealTree | +-- console-browserify@1.1.0
134 silly idealTree | | `-- date-now@0.1.4
134 silly idealTree | +-- constants-browserify@1.0.0
134 silly idealTree | +-- crypto-browserify@3.11.0
134 silly idealTree | | +-- browserify-cipher@1.0.0
134 silly idealTree | | | +-- browserify-aes@1.0.6
134 silly idealTree | | | | +-- buffer-xor@1.0.3
134 silly idealTree | | | | `-- cipher-base@1.0.2
134 silly idealTree | | | +-- browserify-des@1.0.0
134 silly idealTree | | | | +-- cipher-base@1.0.2
134 silly idealTree | | | | `-- des.js@1.0.0
134 silly idealTree | | | |   `-- minimalistic-assert@1.0.0
134 silly idealTree | | | `-- evp_bytestokey@1.0.0
134 silly idealTree | | +-- browserify-sign@4.0.0
134 silly idealTree | | | +-- bn.js@4.11.1
134 silly idealTree | | | +-- browserify-rsa@4.0.1
134 silly idealTree | | | +-- elliptic@6.2.3
134 silly idealTree | | | | +-- brorand@1.0.5
134 silly idealTree | | | | `-- hash.js@1.0.3
134 silly idealTree | | | `-- parse-asn1@5.0.0
134 silly idealTree | | |   +-- asn1.js@4.5.2
134 silly idealTree | | |   | `-- minimalistic-assert@1.0.0
134 silly idealTree | | |   +-- browserify-aes@1.0.6
134 silly idealTree | | |   | +-- buffer-xor@1.0.3
134 silly idealTree | | |   | `-- cipher-base@1.0.2
134 silly idealTree | | |   `-- evp_bytestokey@1.0.0
134 silly idealTree | | +-- create-ecdh@4.0.0
134 silly idealTree | | | +-- bn.js@4.11.1
134 silly idealTree | | | `-- elliptic@6.2.3
134 silly idealTree | | |   +-- brorand@1.0.5
134 silly idealTree | | |   `-- hash.js@1.0.3
134 silly idealTree | | +-- create-hash@1.1.2
134 silly idealTree | | | +-- cipher-base@1.0.2
134 silly idealTree | | | +-- ripemd160@1.0.1
134 silly idealTree | | | `-- sha.js@2.4.5
134 silly idealTree | | +-- create-hmac@1.1.4
134 silly idealTree | | +-- diffie-hellman@5.0.2
134 silly idealTree | | | +-- bn.js@4.11.1
134 silly idealTree | | | `-- miller-rabin@4.0.0
134 silly idealTree | | |   `-- brorand@1.0.5
134 silly idealTree | | +-- inherits@2.0.1
134 silly idealTree | | +-- pbkdf2@3.0.4
134 silly idealTree | | +-- public-encrypt@4.0.0
134 silly idealTree | | | +-- bn.js@4.11.1
134 silly idealTree | | | +-- browserify-rsa@4.0.1
134 silly idealTree | | | `-- parse-asn1@5.0.0
134 silly idealTree | | |   +-- asn1.js@4.5.2
134 silly idealTree | | |   | `-- minimalistic-assert@1.0.0
134 silly idealTree | | |   +-- browserify-aes@1.0.6
134 silly idealTree | | |   | +-- buffer-xor@1.0.3
134 silly idealTree | | |   | `-- cipher-base@1.0.2
134 silly idealTree | | |   `-- evp_bytestokey@1.0.0
134 silly idealTree | | `-- randombytes@2.0.3
134 silly idealTree | +-- domain-browser@1.1.7
134 silly idealTree | +-- events@1.1.0
134 silly idealTree | +-- http-browserify@1.7.0
134 silly idealTree | | +-- Base64@0.2.1
134 silly idealTree | | `-- inherits@2.0.1
134 silly idealTree | +-- https-browserify@0.0.1
134 silly idealTree | +-- os-browserify@0.2.1
134 silly idealTree | +-- path-browserify@0.0.0
134 silly idealTree | +-- process@0.11.2
134 silly idealTree | +-- punycode@1.4.1
134 silly idealTree | +-- querystring-es3@0.2.1
134 silly idealTree | +-- readable-stream@2.0.6
134 silly idealTree | | +-- core-util-is@1.0.2
134 silly idealTree | | +-- inherits@2.0.1
134 silly idealTree | | +-- isarray@1.0.0
134 silly idealTree | | +-- process-nextick-args@1.0.6
134 silly idealTree | | `-- util-deprecate@1.0.2
134 silly idealTree | +-- stream-browserify@2.0.1
134 silly idealTree | | `-- inherits@2.0.1
134 silly idealTree | +-- string_decoder@0.10.31
134 silly idealTree | +-- timers-browserify@1.4.2
134 silly idealTree | +-- tty-browserify@0.0.0
134 silly idealTree | +-- url@0.11.0
134 silly idealTree | | +-- punycode@1.3.2
134 silly idealTree | | `-- querystring@0.2.0
134 silly idealTree | +-- util@0.10.3
134 silly idealTree | | `-- inherits@2.0.1
134 silly idealTree | `-- vm-browserify@0.0.4
134 silly idealTree |   `-- indexof@0.0.1
134 silly idealTree +-- nan@2.3.5
134 silly idealTree `-- regenerator-runtime@0.9.6
135 silly generateActionsToTake Starting
136 silly install generateActionsToTake
137 silly generateActionsToTake Finishing
138 silly diffTrees action count 3
139 silly diffTrees add bindings@1.2.1
140 silly diffTrees add nan@2.3.5
141 silly diffTrees add bcrypt@0.8.7
142 silly decomposeActions action count 24
143 silly decomposeActions fetch bindings@1.2.1
144 silly decomposeActions extract bindings@1.2.1
145 silly decomposeActions test bindings@1.2.1
146 silly decomposeActions preinstall bindings@1.2.1
147 silly decomposeActions build bindings@1.2.1
148 silly decomposeActions install bindings@1.2.1
149 silly decomposeActions postinstall bindings@1.2.1
150 silly decomposeActions finalize bindings@1.2.1
151 silly decomposeActions fetch nan@2.3.5
152 silly decomposeActions extract nan@2.3.5
153 silly decomposeActions test nan@2.3.5
154 silly decomposeActions preinstall nan@2.3.5
155 silly decomposeActions build nan@2.3.5
156 silly decomposeActions install nan@2.3.5
157 silly decomposeActions postinstall nan@2.3.5
158 silly decomposeActions finalize nan@2.3.5
159 silly decomposeActions fetch bcrypt@0.8.7
160 silly decomposeActions extract bcrypt@0.8.7
161 silly decomposeActions test bcrypt@0.8.7
162 silly decomposeActions preinstall bcrypt@0.8.7
163 silly decomposeActions build bcrypt@0.8.7
164 silly decomposeActions install bcrypt@0.8.7
165 silly decomposeActions postinstall bcrypt@0.8.7
166 silly decomposeActions finalize bcrypt@0.8.7
167 silly executeActions Starting
168 silly install executeActions
169 silly doSerial global-install 0
170 silly doParallel fetch 3
171 verbose correctMkdir C:\Users\foretf\AppData\Roaming\npm-cache\_locks correctMkdir not in flight; initializing
172 verbose lock using C:\Users\foretf\AppData\Roaming\npm-cache\_locks\staging-f390f0ecf79a4536.lock for C:\Users\foretf\Desktop\Franck\Projet\Franck-sApp\node_modules\.staging
173 silly doParallel extract 3
174 silly extract bindings@1.2.1
175 silly extract nan@2.3.5
176 silly extract bcrypt@0.8.7
177 verbose unbuild node_modules\.staging\bindings-a0e6f22a
178 silly gentlyRm C:\Users\foretf\Desktop\Franck\Projet\Franck-sApp\node_modules\.staging\bindings-a0e6f22a is being purged from base C:\Users\foretf\Desktop\Franck\Projet\Franck-sApp
179 verbose gentlyRm don't care about contents; nuking C:\Users\foretf\Desktop\Franck\Projet\Franck-sApp\node_modules\.staging\bindings-a0e6f22a
180 verbose tar unpack C:\Users\foretf\AppData\Roaming\npm-cache\bindings\1.2.1\package.tgz
181 verbose tar unpacking to C:\Users\foretf\Desktop\Franck\Projet\Franck-sApp\node_modules\.staging\bindings-a0e6f22a
182 silly gentlyRm C:\Users\foretf\Desktop\Franck\Projet\Franck-sApp\node_modules\.staging\bindings-a0e6f22a is being purged
183 verbose gentlyRm don't care about contents; nuking C:\Users\foretf\Desktop\Franck\Projet\Franck-sApp\node_modules\.staging\bindings-a0e6f22a
184 silly gunzTarPerm modes [ '777', '666' ]
185 silly gunzTarPerm extractEntry package.json
186 silly gunzTarPerm modified mode [ 'package.json', 420, 438 ]
187 verbose unbuild node_modules\.staging\bcrypt-d034d9ab
188 verbose unbuild node_modules\.staging\nan-3060d77d
189 silly gunzTarPerm extractEntry README.md
190 silly gunzTarPerm modified mode [ 'README.md', 420, 438 ]
191 silly gunzTarPerm extractEntry bindings.js
192 silly gunzTarPerm modified mode [ 'bindings.js', 420, 438 ]
193 silly gentlyRm C:\Users\foretf\Desktop\Franck\Projet\Franck-sApp\node_modules\.staging\bcrypt-d034d9ab is being purged from base C:\Users\foretf\Desktop\Franck\Projet\Franck-sApp
194 verbose gentlyRm don't care about contents; nuking C:\Users\foretf\Desktop\Franck\Projet\Franck-sApp\node_modules\.staging\bcrypt-d034d9ab
195 silly gentlyRm C:\Users\foretf\Desktop\Franck\Projet\Franck-sApp\node_modules\.staging\nan-3060d77d is being purged from base C:\Users\foretf\Desktop\Franck\Projet\Franck-sApp
196 verbose gentlyRm don't care about contents; nuking C:\Users\foretf\Desktop\Franck\Projet\Franck-sApp\node_modules\.staging\nan-3060d77d
197 verbose tar unpack C:\Users\foretf\AppData\Roaming\npm-cache\bcrypt\0.8.7\package.tgz
198 verbose tar unpacking to C:\Users\foretf\Desktop\Franck\Projet\Franck-sApp\node_modules\.staging\bcrypt-d034d9ab
199 silly gentlyRm C:\Users\foretf\Desktop\Franck\Projet\Franck-sApp\node_modules\.staging\bcrypt-d034d9ab is being purged
200 verbose gentlyRm don't care about contents; nuking C:\Users\foretf\Desktop\Franck\Projet\Franck-sApp\node_modules\.staging\bcrypt-d034d9ab
201 verbose tar unpack C:\Users\foretf\AppData\Roaming\npm-cache\nan\2.3.5\package.tgz
202 verbose tar unpacking to C:\Users\foretf\Desktop\Franck\Projet\Franck-sApp\node_modules\.staging\nan-3060d77d
203 silly gentlyRm C:\Users\foretf\Desktop\Franck\Projet\Franck-sApp\node_modules\.staging\nan-3060d77d is being purged
204 verbose gentlyRm don't care about contents; nuking C:\Users\foretf\Desktop\Franck\Projet\Franck-sApp\node_modules\.staging\nan-3060d77d
205 silly gunzTarPerm modes [ '777', '666' ]
206 silly gunzTarPerm modes [ '777', '666' ]
207 silly gunzTarPerm extractEntry package.json
208 silly gunzTarPerm modified mode [ 'package.json', 420, 438 ]
209 silly gunzTarPerm extractEntry package.json
210 silly gunzTarPerm modified mode [ 'package.json', 436, 438 ]
211 silly gunzTarPerm extractEntry .npmignore
212 silly gunzTarPerm modified mode [ '.npmignore', 420, 438 ]
213 silly gunzTarPerm extractEntry README.md
214 silly gunzTarPerm modified mode [ 'README.md', 420, 438 ]
215 silly gunzTarPerm extractEntry README.md
216 silly gunzTarPerm modified mode [ 'README.md', 436, 438 ]
217 silly gunzTarPerm extractEntry include_dirs.js
218 silly gunzTarPerm modified mode [ 'include_dirs.js', 436, 438 ]
219 silly gunzTarPerm extractEntry LICENSE
220 silly gunzTarPerm modified mode [ 'LICENSE', 420, 438 ]
221 silly gunzTarPerm extractEntry bcrypt.js
222 silly gunzTarPerm modified mode [ 'bcrypt.js', 420, 438 ]
223 silly gunzTarPerm extractEntry Makefile
224 silly gunzTarPerm modified mode [ 'Makefile', 420, 438 ]
225 silly gunzTarPerm extractEntry .travis.yml
226 silly gunzTarPerm modified mode [ '.travis.yml', 420, 438 ]
227 silly gunzTarPerm extractEntry CHANGELOG.md
228 silly gunzTarPerm modified mode [ 'CHANGELOG.md', 420, 438 ]
229 silly gunzTarPerm extractEntry binding.gyp
230 silly gunzTarPerm modified mode [ 'binding.gyp', 420, 438 ]
231 silly gunzTarPerm extractEntry examples/async_compare.js
232 silly gunzTarPerm modified mode [ 'examples/async_compare.js', 420, 438 ]
233 silly gunzTarPerm extractEntry examples/forever_gen_salt.js
234 silly gunzTarPerm modified mode [ 'examples/forever_gen_salt.js', 420, 438 ]
235 silly gunzTarPerm extractEntry test/async.js
236 silly gunzTarPerm modified mode [ 'test/async.js', 420, 438 ]
237 silly gunzTarPerm extractEntry test/repetitions.js
238 silly gunzTarPerm modified mode [ 'test/repetitions.js', 420, 438 ]
239 silly gunzTarPerm extractEntry test/sync.js
240 silly gunzTarPerm modified mode [ 'test/sync.js', 420, 438 ]
241 silly gunzTarPerm extractEntry ISSUE_TEMPLATE.md
242 silly gunzTarPerm modified mode [ 'ISSUE_TEMPLATE.md', 420, 438 ]
243 silly gunzTarPerm extractEntry src/bcrypt.cc
244 silly gunzTarPerm modified mode [ 'src/bcrypt.cc', 420, 438 ]
245 silly gunzTarPerm extractEntry src/bcrypt_node.cc
246 silly gunzTarPerm modified mode [ 'src/bcrypt_node.cc', 420, 438 ]
247 silly gunzTarPerm extractEntry src/blowfish.cc
248 silly gunzTarPerm modified mode [ 'src/blowfish.cc', 420, 438 ]
249 silly gunzTarPerm extractEntry src/node_blf.h
250 silly gunzTarPerm modified mode [ 'src/node_blf.h', 420, 438 ]
251 silly gunzTarPerm extractEntry werker.yml
252 silly gunzTarPerm modified mode [ 'werker.yml', 420, 438 ]
253 silly gunzTarPerm extractEntry nan_converters.h
254 silly gunzTarPerm modified mode [ 'nan_converters.h', 436, 438 ]
255 silly gunzTarPerm extractEntry LICENSE.md
256 silly gunzTarPerm modified mode [ 'LICENSE.md', 436, 438 ]
257 silly gunzTarPerm extractEntry doc/node_misc.md
258 silly gunzTarPerm modified mode [ 'doc/node_misc.md', 436, 438 ]
259 silly gunzTarPerm extractEntry doc/asyncworker.md
260 silly gunzTarPerm modified mode [ 'doc/asyncworker.md', 436, 438 ]
261 silly gunzTarPerm extractEntry doc/callback.md
262 silly gunzTarPerm modified mode [ 'doc/callback.md', 436, 438 ]
263 silly gunzTarPerm extractEntry doc/converters.md
264 silly gunzTarPerm modified mode [ 'doc/converters.md', 436, 438 ]
265 silly gunzTarPerm extractEntry doc/errors.md
266 silly gunzTarPerm modified mode [ 'doc/errors.md', 436, 438 ]
267 silly gunzTarPerm extractEntry doc/maybe_types.md
268 silly gunzTarPerm modified mode [ 'doc/maybe_types.md', 436, 438 ]
269 silly gunzTarPerm extractEntry doc/methods.md
270 silly gunzTarPerm modified mode [ 'doc/methods.md', 436, 438 ]
271 silly gunzTarPerm extractEntry doc/new.md
272 silly gunzTarPerm modified mode [ 'doc/new.md', 436, 438 ]
273 silly gentlyRm C:\Users\foretf\Desktop\Franck\Projet\Franck-sApp\node_modules\.staging\bindings-a0e6f22a\node_modules is being purged
274 verbose gentlyRm don't care about contents; nuking C:\Users\foretf\Desktop\Franck\Projet\Franck-sApp\node_modules\.staging\bindings-a0e6f22a\node_modules
275 silly gunzTarPerm extractEntry doc/buffers.md
276 silly gunzTarPerm modified mode [ 'doc/buffers.md', 436, 438 ]
277 silly gunzTarPerm extractEntry doc/object_wrappers.md
278 silly gunzTarPerm modified mode [ 'doc/object_wrappers.md', 436, 438 ]
279 silly gunzTarPerm extractEntry doc/persistent.md
280 silly gunzTarPerm modified mode [ 'doc/persistent.md', 436, 438 ]
281 silly gunzTarPerm extractEntry doc/scopes.md
282 silly gunzTarPerm modified mode [ 'doc/scopes.md', 436, 438 ]
283 silly gunzTarPerm extractEntry doc/script.md
284 silly gunzTarPerm modified mode [ 'doc/script.md', 436, 438 ]
285 silly gunzTarPerm extractEntry doc/string_bytes.md
286 silly gunzTarPerm modified mode [ 'doc/string_bytes.md', 436, 438 ]
287 silly gunzTarPerm extractEntry doc/v8_internals.md
288 silly gunzTarPerm modified mode [ 'doc/v8_internals.md', 436, 438 ]
289 silly gunzTarPerm extractEntry doc/v8_misc.md
290 silly gunzTarPerm modified mode [ 'doc/v8_misc.md', 436, 438 ]
291 silly gunzTarPerm extractEntry nan.h
292 silly gunzTarPerm modified mode [ 'nan.h', 436, 438 ]
293 silly gunzTarPerm extractEntry nan_callbacks.h
294 silly gunzTarPerm modified mode [ 'nan_callbacks.h', 436, 438 ]
295 silly gunzTarPerm extractEntry nan_callbacks_12_inl.h
296 silly gunzTarPerm modified mode [ 'nan_callbacks_12_inl.h', 436, 438 ]
297 silly gunzTarPerm extractEntry nan_callbacks_pre_12_inl.h
298 silly gunzTarPerm modified mode [ 'nan_callbacks_pre_12_inl.h', 436, 438 ]
299 silly gunzTarPerm extractEntry nan_converters_43_inl.h
300 silly gunzTarPerm modified mode [ 'nan_converters_43_inl.h', 436, 438 ]
301 silly gunzTarPerm extractEntry nan_converters_pre_43_inl.h
302 silly gunzTarPerm modified mode [ 'nan_converters_pre_43_inl.h', 436, 438 ]
303 silly gunzTarPerm extractEntry nan_implementation_12_inl.h
304 silly gunzTarPerm modified mode [ 'nan_implementation_12_inl.h', 436, 438 ]
305 silly gunzTarPerm extractEntry nan_implementation_pre_12_inl.h
306 silly gunzTarPerm modified mode [ 'nan_implementation_pre_12_inl.h', 436, 438 ]
307 silly gunzTarPerm extractEntry nan_maybe_43_inl.h
308 silly gunzTarPerm modified mode [ 'nan_maybe_43_inl.h', 436, 438 ]
309 silly gunzTarPerm extractEntry nan_maybe_pre_43_inl.h
310 silly gunzTarPerm modified mode [ 'nan_maybe_pre_43_inl.h', 436, 438 ]
311 silly gunzTarPerm extractEntry nan_new.h
312 silly gunzTarPerm modified mode [ 'nan_new.h', 436, 438 ]
313 silly gunzTarPerm extractEntry nan_object_wrap.h
314 silly gunzTarPerm modified mode [ 'nan_object_wrap.h', 436, 438 ]
315 silly gunzTarPerm extractEntry nan_persistent_12_inl.h
316 silly gunzTarPerm modified mode [ 'nan_persistent_12_inl.h', 436, 438 ]
317 silly gunzTarPerm extractEntry nan_persistent_pre_12_inl.h
318 silly gunzTarPerm modified mode [ 'nan_persistent_pre_12_inl.h', 436, 438 ]
319 silly gunzTarPerm extractEntry nan_string_bytes.h
320 silly gunzTarPerm modified mode [ 'nan_string_bytes.h', 436, 438 ]
321 silly gunzTarPerm extractEntry nan_typedarray_contents.h
322 silly gunzTarPerm modified mode [ 'nan_typedarray_contents.h', 436, 438 ]
323 silly gunzTarPerm extractEntry nan_weak.h
324 silly gunzTarPerm modified mode [ 'nan_weak.h', 436, 438 ]
325 silly gunzTarPerm extractEntry CHANGELOG.md
326 silly gunzTarPerm modified mode [ 'CHANGELOG.md', 436, 438 ]
327 silly gunzTarPerm extractEntry tools/package.json
328 silly gunzTarPerm modified mode [ 'tools/package.json', 436, 438 ]
329 silly gunzTarPerm extractEntry tools/README.md
330 silly gunzTarPerm modified mode [ 'tools/README.md', 436, 438 ]
331 silly gunzTarPerm extractEntry tools/1to2.js
332 silly gunzTarPerm modified mode [ 'tools/1to2.js', 509, 511 ]
333 silly gentlyRm C:\Users\foretf\Desktop\Franck\Projet\Franck-sApp\node_modules\.staging\bcrypt-d034d9ab\node_modules is being purged
334 verbose gentlyRm don't care about contents; nuking C:\Users\foretf\Desktop\Franck\Projet\Franck-sApp\node_modules\.staging\bcrypt-d034d9ab\node_modules
335 silly gentlyRm C:\Users\foretf\Desktop\Franck\Projet\Franck-sApp\node_modules\.staging\nan-3060d77d\node_modules is being purged
336 verbose gentlyRm don't care about contents; nuking C:\Users\foretf\Desktop\Franck\Projet\Franck-sApp\node_modules\.staging\nan-3060d77d\node_modules
337 silly doParallel preinstall 3
338 silly preinstall bindings@1.2.1 C:\Users\foretf\Desktop\Franck\Projet\Franck-sApp\node_modules\.staging\bindings-a0e6f22a
339 info lifecycle bindings@1.2.1~preinstall: bindings@1.2.1
340 silly preinstall nan@2.3.5 C:\Users\foretf\Desktop\Franck\Projet\Franck-sApp\node_modules\.staging\nan-3060d77d
341 info lifecycle nan@2.3.5~preinstall: nan@2.3.5
342 silly preinstall bcrypt@0.8.7 C:\Users\foretf\Desktop\Franck\Projet\Franck-sApp\node_modules\.staging\bcrypt-d034d9ab
343 info lifecycle bcrypt@0.8.7~preinstall: bcrypt@0.8.7
344 silly lifecycle bindings@1.2.1~preinstall: no script for preinstall, continuing
345 silly lifecycle nan@2.3.5~preinstall: no script for preinstall, continuing
346 silly lifecycle bcrypt@0.8.7~preinstall: no script for preinstall, continuing
347 silly doReverseSerial remove 0
348 silly doSerial move 0
349 silly doSerial finalize 3
350 silly finalize C:\Users\foretf\Desktop\Franck\Projet\Franck-sApp\node_modules\bindings
351 silly finalize C:\Users\foretf\Desktop\Franck\Projet\Franck-sApp\node_modules\nan
352 silly finalize C:\Users\foretf\Desktop\Franck\Projet\Franck-sApp\node_modules\bcrypt
353 silly doSerial build 3
354 silly build bindings@1.2.1
355 info linkStuff bindings@1.2.1
356 silly linkStuff bindings@1.2.1 has C:\Users\foretf\Desktop\Franck\Projet\Franck-sApp\node_modules as its parent node_modules
357 verbose linkBins bindings@1.2.1
358 verbose linkMans bindings@1.2.1
359 silly build nan@2.3.5
360 info linkStuff nan@2.3.5
361 silly linkStuff nan@2.3.5 has C:\Users\foretf\Desktop\Franck\Projet\Franck-sApp\node_modules as its parent node_modules
362 verbose linkBins nan@2.3.5
363 verbose linkMans nan@2.3.5
364 silly build bcrypt@0.8.7
365 info linkStuff bcrypt@0.8.7
366 silly linkStuff bcrypt@0.8.7 has C:\Users\foretf\Desktop\Franck\Projet\Franck-sApp\node_modules as its parent node_modules
367 verbose linkBins bcrypt@0.8.7
368 verbose linkMans bcrypt@0.8.7
369 silly doSerial global-link 0
370 silly doParallel update-linked 0
371 silly doSerial install 3
372 silly install bindings@1.2.1 C:\Users\foretf\Desktop\Franck\Projet\Franck-sApp\node_modules\.staging\bindings-a0e6f22a
373 info lifecycle bindings@1.2.1~install: bindings@1.2.1
374 silly lifecycle bindings@1.2.1~install: no script for install, continuing
375 silly install nan@2.3.5 C:\Users\foretf\Desktop\Franck\Projet\Franck-sApp\node_modules\.staging\nan-3060d77d
376 info lifecycle nan@2.3.5~install: nan@2.3.5
377 silly lifecycle nan@2.3.5~install: no script for install, continuing
378 silly install bcrypt@0.8.7 C:\Users\foretf\Desktop\Franck\Projet\Franck-sApp\node_modules\.staging\bcrypt-d034d9ab
379 info lifecycle bcrypt@0.8.7~install: bcrypt@0.8.7
380 verbose lifecycle bcrypt@0.8.7~install: unsafe-perm in lifecycle true
381 verbose lifecycle bcrypt@0.8.7~install: PATH: C:\Program Files (x86)\nodejs\node_modules\npm\bin\node-gyp-bin;C:\Users\foretf\Desktop\Franck\Projet\Franck-sApp\node_modules\bcrypt\node_modules\.bin;C:\Users\foretf\Desktop\Franck\Projet\Franck-sApp\node_modules\.bin;C:\Program Files (x86)\nodejs;C:\ProgramData\Oracle\Java\javapath;c:\Program Files (x86)\CA\SC\CAWIN\;C:\PROGRA~2\CA\SC\ETPKI\lib;C:\windows\system32;C:\windows;C:\windows\System32\Wbem;C:\windows\System32\WindowsPowerShell\v1.0\;c:\Program Files (x86)\CA\SC\Csam\SockAdapter\bin;c:\Program Files (x86)\CA\SC\CBB\;c:\Program Files (x86)\CA\DSM\bin;c:\PROGRA~2\CA\SC\CAM\bin;C:\Program Files (x86)\Microsoft SQL Server\80\Tools\Binn\;C:\Program Files (x86)\Microsoft SQL Server\90\Tools\binn\;C:\Program Files (x86)\Microsoft SQL Server\90\DTS\Binn\;C:\Program Files (x86)\Microsoft SQL Server\90\Tools\Binn\VSShell\Common7\IDE\;C:\Program Files\Microsoft SQL Server\110\Tools\Binn\;C:\Program Files\Google\Cloud SDK\google-cloud-sdk\bin;C:\Program Files\Microsoft SQL Server\120\Tools\Binn\;C:\Program Files\TortoiseSVN\bin;C:\Program Files\Microsoft\Web Platform Installer\;C:\Program Files\Microsoft SQL Server\130\Tools\Binn\;C:\Program Files (x86)\Windows Kits\10\Windows Performance Toolkit\;c:\Program Files (x86)\CA\SC\Csam\SockAdapter\bin;c:\Program Files (x86)\CA\SC\Csam\SockAdapter\bin64;C:\Program Files (x86)\nodejs\;C:\Program Files\Git\cmd;C:\Users\foretf\AppData\Roaming\npm;C:\Users\foretf\AppData\Local\.meteor\;C:\Users\foretf\AppData\Local\atom\bin
382 verbose lifecycle bcrypt@0.8.7~install: CWD: C:\Users\foretf\Desktop\Franck\Projet\Franck-sApp\node_modules\bcrypt
383 silly lifecycle bcrypt@0.8.7~install: Args: [ '/d /s /c', 'node-gyp rebuild' ]
384 silly lifecycle bcrypt@0.8.7~install: Returned: code: 1  signal: null
385 info lifecycle bcrypt@0.8.7~install: Failed to exec install script
386 verbose unlock done using C:\Users\foretf\AppData\Roaming\npm-cache\_locks\staging-f390f0ecf79a4536.lock for C:\Users\foretf\Desktop\Franck\Projet\Franck-sApp\node_modules\.staging
387 silly rollbackFailedOptional Starting
388 silly rollbackFailedOptional Finishing
389 silly runTopLevelLifecycles Starting
390 silly runTopLevelLifecycles Finishing
391 silly install printInstalled
392 verbose stack Error: bcrypt@0.8.7 install: `node-gyp rebuild`
392 verbose stack Exit status 1
392 verbose stack     at EventEmitter.<anonymous> (C:\Program Files (x86)\nodejs\node_modules\npm\lib\utils\lifecycle.js:245:16)
392 verbose stack     at emitTwo (events.js:106:13)
392 verbose stack     at EventEmitter.emit (events.js:191:7)
392 verbose stack     at ChildProcess.<anonymous> (C:\Program Files (x86)\nodejs\node_modules\npm\lib\utils\spawn.js:24:14)
392 verbose stack     at emitTwo (events.js:106:13)
392 verbose stack     at ChildProcess.emit (events.js:191:7)
392 verbose stack     at maybeClose (internal/child_process.js:852:16)
392 verbose stack     at Process.ChildProcess._handle.onexit (internal/child_process.js:215:5)
393 verbose pkgid bcrypt@0.8.7
394 verbose cwd C:\Users\foretf\Desktop\Franck\Projet\Franck-sApp
395 error Windows_NT 6.1.7601
396 error argv "C:\\Program Files (x86)\\nodejs\\node.exe" "C:\\Program Files (x86)\\nodejs\\node_modules\\npm\\bin\\npm-cli.js" "install" "bcrypt"
397 error node v6.2.1
398 error npm  v3.9.3
399 error code ELIFECYCLE
400 error bcrypt@0.8.7 install: `node-gyp rebuild`
400 error Exit status 1
401 error Failed at the bcrypt@0.8.7 install script 'node-gyp rebuild'.
401 error Make sure you have the latest version of node.js and npm installed.
401 error If you do, this is most likely a problem with the bcrypt package,
401 error not with npm itself.
401 error Tell the author that this fails on your system:
401 error     node-gyp rebuild
401 error You can get information on how to open an issue for this project with:
401 error     npm bugs bcrypt
401 error Or if that isn't available, you can get their info via:
401 error     npm owner ls bcrypt
401 error There is likely additional logging output above.
402 verbose exit [ 1, true ]
